<?xml version="1.0" encoding="UTF-8"?>
<!-- Generated by org.testng.reporters.JUnitXMLReporter -->
<testsuite ignored="0" hostname="LP10-8RFSQ93" failures="0" tests="4" name="Test" time="449.921" errors="0" timestamp="2022-06-29T18:51:23 IST">
  <testcase classname="pathways2research.UAT.pathwayHomePageTest" name="patronLoginValidation" time="30.873"/>
  <testcase classname="pathways2research.UAT.sustainabilityGroupPageTest" name="sustanabilityTopic" time="55.102"/>
  <testcase classname="pathways2research.UAT.educationGroupPageTest" name="educationTopic" time="49.725"/>
  <testcase classname="pathways2research.UAT.bussinessGroupPageTest" name="businessEconomicsGroup" time="66.299"/>
</testsuite> <!-- Test -->
